<?xml version="1.0" encoding="UTF-8"?>
<!-- Generated by org.testng.reporters.JUnitReportReporter -->
<testsuite skipped="0" hostname="yugi-PC" name="com.framework.tests.TestGoogle" tests="1" failures="0" timestamp="07 Jan 2018 17:51:38 GMT" time="22.284" errors="0">
  <testcase name="testGoogle" time="22.284" classname="com.framework.tests.TestGoogle"/>
</testsuite> <!-- com.framework.tests.TestGoogle -->
